Start testing: Jun 06 23:53 +07
----------------------------------------------------------
1/3 Testing: frame_queue
1/3 Test: frame_queue
Command: "/home/nvidia/Documents/stereo-camera/build/test_frame_queue"
Directory: /home/nvidia/Documents/stereo-camera/build
"frame_queue" start time: Jun 06 23:53 +07
Output:
----------------------------------------------------------
=== test_frame_queue ===

── FIFO ordering
  PASS  q.pop(v) == true
  PASS  v == expected
  PASS  q.pop(v) == true
  PASS  v == expected
  PASS  q.pop(v) == true
  PASS  v == expected
  PASS  q.pop(v) == true
  PASS  v == expected
  PASS  q.pop(v) == true
  PASS  v == expected
  PASS  q.pop(v) == false

── pop returns false when closed and empty
  PASS  q.pop(v) == false

── push after close is no-op
  PASS  q.empty() == true

── close() unblocks waiting pop()
  PASS  returned == false
  PASS  returned == true

── backpressure: push blocks when queue full
  PASS  pushed == 2
  PASS  pushed == 3

── multiple producers and consumers
  PASS  consumed_sum == N

── size() and empty()
  PASS  q.empty() == true
  PASS  q.size() == 0u
  PASS  q.size() == 2u
  PASS  q.empty() == false
  PASS  q.empty() == true

  23 passed  /  0 failed
<end of output>
Test time =   0.12 sec
----------------------------------------------------------
Test Passed.
"frame_queue" end time: Jun 06 23:53 +07
"frame_queue" time elapsed: 00:00:00
----------------------------------------------------------

2/3 Testing: scanner_raster
2/3 Test: scanner_raster
Command: "/home/nvidia/Documents/stereo-camera/build/test_scanner_raster"
Directory: /home/nvidia/Documents/stereo-camera/build
"scanner_raster" start time: Jun 06 23:53 +07
Output:
----------------------------------------------------------
=== test_scanner_raster ===

── first point = (pan_min, tilt_min)
  PASS  !r.empty()
  PASS  std::fabs((r[0].first) - (-80.f)) < (0.01f)
  PASS  std::fabs((r[0].second) - (-70.f)) < (0.01f)

── snake: rows alternate left-to-right / right-to-left
  PASS  r[0].first < r[1].first
  PASS  r[1].first < r[2].first
  PASS  r[3].first > r[4].first
  PASS  r[4].first > r[5].first
  PASS  r[6].first < r[7].first
  PASS  r[7].first < r[8].first

── total step count = pan_steps × tilt_steps
  PASS  r.size() == 9u

── all tilt rows are present
  PASS  saw_neg70
  PASS  saw_neg20
  PASS  saw_pos30

── tilt values never exceed tilt_max
  PASS  t <= 30.f + 0.01f
  PASS  t <= 30.f + 0.01f
  PASS  t <= 30.f + 0.01f
  PASS  t <= 30.f + 0.01f
  PASS  t <= 30.f + 0.01f
  PASS  t <= 30.f + 0.01f
  PASS  t <= 30.f + 0.01f
  PASS  t <= 30.f + 0.01f
  PASS  t <= 30.f + 0.01f

── pan values stay within [pan_min, pan_max]
  PASS  p >= -80.f - 0.01f
  PASS  p <= 80.f + 0.01f
  PASS  p >= -80.f - 0.01f
  PASS  p <= 80.f + 0.01f
  PASS  p >= -80.f - 0.01f
  PASS  p <= 80.f + 0.01f
  PASS  p >= -80.f - 0.01f
  PASS  p <= 80.f + 0.01f
  PASS  p >= -80.f - 0.01f
  PASS  p <= 80.f + 0.01f
  PASS  p >= -80.f - 0.01f
  PASS  p <= 80.f + 0.01f
  PASS  p >= -80.f - 0.01f
  PASS  p <= 80.f + 0.01f
  PASS  p >= -80.f - 0.01f
  PASS  p <= 80.f + 0.01f
  PASS  p >= -80.f - 0.01f
  PASS  p <= 80.f + 0.01f

── single-step raster produces exactly 1 point
  PASS  r.size() == 1u
  PASS  std::fabs((r[0].first) - (0.f)) < (0.01f)
  PASS  std::fabs((r[0].second) - (0.f)) < (0.01f)

── saveConfig / loadConfig round-trip
  PASS  Scanner::loadConfig(path, idx) == true
  PASS  idx == 7u

── loadConfig on missing file returns false
  PASS  Scanner::loadConfig("/tmp/no_such_file_xyz.cfg", idx) == false

── saved idx = next step, so resume skips completed steps
  PASS  idx == 5u

── successive saves overwrite previous checkpoint
  PASS  idx == 6u

  48 passed  /  0 failed
<end of output>
Test time =   0.06 sec
----------------------------------------------------------
Test Passed.
"scanner_raster" end time: Jun 06 23:53 +07
"scanner_raster" time elapsed: 00:00:00
----------------------------------------------------------

3/3 Testing: map_builder
3/3 Test: map_builder
Command: "/home/nvidia/Documents/stereo-camera/build/test_map_builder"
Directory: /home/nvidia/Documents/stereo-camera/build
"map_builder" start time: Jun 06 23:53 +07
Output:
----------------------------------------------------------
=== test_map_builder ===

── empty MapBuilder has 0 points
  PASS  b.pointCount() == 0u

── all-NaN depth map contributes 0 points
  PASS  b.pointCount() == 0u

── zero depth (≤ 0) is rejected
  PASS  b.pointCount() == 0u

── 1×1 depth at pan=0 tilt=0 → Z ≈ depth
  PASS  b.pointCount() == 1u
  PASS  cloud.rows == 1
  PASS  std::fabs(static_cast<double>(X) - static_cast<double>(0.f)) < (0.01f)
  PASS  std::fabs(static_cast<double>(Y) - static_cast<double>(0.f)) < (0.01f)
  PASS  std::fabs(static_cast<double>(Z) - static_cast<double>(d)) < (0.01f)

── 1×1 depth at pan=90° tilt=0 → X ≈ depth, Z ≈ 0
  PASS  std::fabs(static_cast<double>(X) - static_cast<double>(d)) < (0.02f)
  PASS  std::fabs(static_cast<double>(Z) - static_cast<double>(0.f)) < (0.02f)

── 1×1 depth at pan=0 tilt=90° → Y ≈ depth
  PASS  std::fabs(static_cast<double>(Y) - static_cast<double>(d)) < (0.02f)

── multiple addFrame calls accumulate points
  PASS  b.pointCount() == 3u

── uniform 4×4 depth adds 16 valid points
  PASS  b.pointCount() == 16u

── clear() resets point count to 0
  PASS  b.pointCount() == 9u
  PASS  b.pointCount() == 0u

── concurrent addFrame from 4 threads is thread-safe
  PASS  b.pointCount() == static_cast<size_t>(N_THREADS * FRAMES_PER_THREAD)

── savePLY creates file with valid PLY header
[MapBuilder] Saved 4 points to /tmp/test_mapbuilder_out.ply
  PASS  b.savePLY(path) == true
  PASS  f != nullptr
  PASS  found_ply
  PASS  found_elem

  20 passed  /  0 failed
<end of output>
Test time =   0.01 sec
----------------------------------------------------------
Test Passed.
"map_builder" end time: Jun 06 23:53 +07
"map_builder" time elapsed: 00:00:00
----------------------------------------------------------

End testing: Jun 06 23:53 +07
